0 info it worked if it ends with ok
1 verbose cli [ '/usr/local/bin/node',
1 verbose cli   '/usr/local/bin/npm',
1 verbose cli   'install',
1 verbose cli   '[-g]',
1 verbose cli   '[--save-dev]',
1 verbose cli   'reload' ]
2 info using npm@3.10.10
3 info using node@v6.11.3
4 silly loadCurrentTree Starting
5 silly install loadCurrentTree
6 silly install readLocalPackageData
7 silly fetchPackageMetaData [-g]
8 silly fetchPackageMetaData [--save-dev]
9 silly fetchPackageMetaData reload@^2.2.2
10 silly fetchNamedPackageData reload
11 silly mapToRegistry name reload
12 silly mapToRegistry using default registry
13 silly mapToRegistry registry https://registry.npmjs.org/
14 silly mapToRegistry data Result {
14 silly mapToRegistry   raw: 'reload',
14 silly mapToRegistry   scope: null,
14 silly mapToRegistry   escapedName: 'reload',
14 silly mapToRegistry   name: 'reload',
14 silly mapToRegistry   rawSpec: '',
14 silly mapToRegistry   spec: 'latest',
14 silly mapToRegistry   type: 'tag' }
15 silly mapToRegistry uri https://registry.npmjs.org/reload
16 silly fetchOtherPackageData [-g]
17 silly cache add args [ '[-g]', null ]
18 verbose cache add spec [-g]
19 silly fetchOtherPackageData [--save-dev]
20 silly cache add args [ '[--save-dev]', null ]
21 verbose cache add spec [--save-dev]
22 silly cache add parsed spec Result {
22 silly cache add   raw: '[-g]',
22 silly cache add   scope: null,
22 silly cache add   escapedName: null,
22 silly cache add   name: null,
22 silly cache add   rawSpec: '[-g]',
22 silly cache add   spec: '/Users/ashleychen/expressjs/[-g]',
22 silly cache add   type: 'local' }
23 silly cache add parsed spec Result {
23 silly cache add   raw: '[--save-dev]',
23 silly cache add   scope: null,
23 silly cache add   escapedName: null,
23 silly cache add   name: null,
23 silly cache add   rawSpec: '[--save-dev]',
23 silly cache add   spec: '/Users/ashleychen/expressjs/[--save-dev]',
23 silly cache add   type: 'local' }
24 error addLocal Could not install /Users/ashleychen/expressjs/[-g]
25 silly fetchPackageMetaData Error: ENOENT: no such file or directory, open '/Users/ashleychen/expressjs/[-g]'
25 silly fetchPackageMetaData     at Error (native)
25 silly fetchPackageMetaData  error for [-g] { Error: ENOENT: no such file or directory, open '/Users/ashleychen/expressjs/[-g]'
25 silly fetchPackageMetaData     at Error (native)
25 silly fetchPackageMetaData   errno: -2,
25 silly fetchPackageMetaData   code: 'ENOENT',
25 silly fetchPackageMetaData   syscall: 'open',
25 silly fetchPackageMetaData   path: '/Users/ashleychen/expressjs/[-g]' }
26 error addLocal Could not install /Users/ashleychen/expressjs/[--save-dev]
27 silly fetchPackageMetaData Error: ENOENT: no such file or directory, open '/Users/ashleychen/expressjs/[--save-dev]'
27 silly fetchPackageMetaData     at Error (native)
27 silly fetchPackageMetaData  error for [--save-dev] { Error: ENOENT: no such file or directory, open '/Users/ashleychen/expressjs/[--save-dev]'
27 silly fetchPackageMetaData     at Error (native)
27 silly fetchPackageMetaData   errno: -2,
27 silly fetchPackageMetaData   code: 'ENOENT',
27 silly fetchPackageMetaData   syscall: 'open',
27 silly fetchPackageMetaData   path: '/Users/ashleychen/expressjs/[--save-dev]' }
28 verbose request uri https://registry.npmjs.org/reload
29 verbose request no auth needed
30 info attempt registry request try #1 at 4:51:35 PM
31 verbose request id 86064ab06366a34c
32 verbose etag W/"59c99141-dc55"
33 verbose lastModified Mon, 25 Sep 2017 23:29:05 GMT
34 http request GET https://registry.npmjs.org/reload
35 http 304 https://registry.npmjs.org/reload
36 verbose headers { date: 'Wed, 04 Oct 2017 23:51:35 GMT',
36 verbose headers   via: '1.1 varnish',
36 verbose headers   'cache-control': 'max-age=300',
36 verbose headers   etag: 'W/"59c99141-dc55"',
36 verbose headers   age: '0',
36 verbose headers   connection: 'keep-alive',
36 verbose headers   'x-served-by': 'cache-lax8634-LAX',
36 verbose headers   'x-cache': 'HIT',
36 verbose headers   'x-cache-hits': '1',
36 verbose headers   'x-timer': 'S1507161095.351781,VS0,VE78',
36 verbose headers   vary: 'Accept-Encoding, Accept' }
37 silly get cb [ 304,
37 silly get   { date: 'Wed, 04 Oct 2017 23:51:35 GMT',
37 silly get     via: '1.1 varnish',
37 silly get     'cache-control': 'max-age=300',
37 silly get     etag: 'W/"59c99141-dc55"',
37 silly get     age: '0',
37 silly get     connection: 'keep-alive',
37 silly get     'x-served-by': 'cache-lax8634-LAX',
37 silly get     'x-cache': 'HIT',
37 silly get     'x-cache-hits': '1',
37 silly get     'x-timer': 'S1507161095.351781,VS0,VE78',
37 silly get     vary: 'Accept-Encoding, Accept' } ]
38 verbose etag https://registry.npmjs.org/reload from cache
39 verbose get saving reload to /Users/ashleychen/.npm/registry.npmjs.org/reload/.cache.json
40 verbose correctMkdir /Users/ashleychen/.npm correctMkdir not in flight; initializing
41 silly rollbackFailedOptional Starting
42 silly rollbackFailedOptional Finishing
43 silly runTopLevelLifecycles Finishing
44 silly install printInstalled
45 verbose stack Error: ENOENT: no such file or directory, open '/Users/ashleychen/expressjs/[-g]'
45 verbose stack     at Error (native)
46 verbose cwd /Users/ashleychen/expressjs
47 error Darwin 15.6.0
48 error argv "/usr/local/bin/node" "/usr/local/bin/npm" "install" "[-g]" "[--save-dev]" "reload"
49 error node v6.11.3
50 error npm  v3.10.10
51 error path /Users/ashleychen/expressjs/[-g]
52 error code ENOENT
53 error errno -2
54 error syscall open
55 error enoent ENOENT: no such file or directory, open '/Users/ashleychen/expressjs/[-g]'
56 error enoent ENOENT: no such file or directory, open '/Users/ashleychen/expressjs/[-g]'
56 error enoent This is most likely not a problem with npm itself
56 error enoent and is related to npm not being able to find a file.
57 verbose exit [ -2, true ]
